<?xml version="1.0" encoding="UTF-8"?>
<!-- Generated by org.testng.reporters.JUnitReportReporter -->
<testsuite hostname="DESKTOP-ET4DG75" name="com.pack.Tests.LoginTest" tests="1" failures="0" timestamp="16 Apr 2017 23:46:57 GMT" time="10.801" errors="0">
  <testcase name="verifyLoginFunctionality" time="10.801" classname="com.pack.Tests.LoginTest"/>
</testsuite> <!-- com.pack.Tests.LoginTest -->
